0 info it worked if it ends with ok
1 verbose cli [ '/usr/local/bin/node',
1 verbose cli   '/usr/local/bin/npm',
1 verbose cli   'install',
1 verbose cli   'gulp-sass',
1 verbose cli   'browser-sync',
1 verbose cli   'gulp-concat',
1 verbose cli   'gulp-lint' ]
2 info using npm@2.14.12
3 info using node@v4.2.6
4 verbose install initial load of /Users/Garrett/Desktop/Sites/AABC2wp.dev/wp-content/themes/AABC/package.json
5 warn package.json foundation-libsass-template@0.0.1 No repository field.
6 warn package.json foundation-libsass-template@0.0.1 No license field.
7 verbose installManyTop reading scoped package data from /Users/Garrett/Desktop/Sites/AABC2wp.dev/wp-content/themes/AABC/node_modules/gulp/package.json
8 verbose readDependencies loading dependencies from /Users/Garrett/Desktop/Sites/AABC2wp.dev/wp-content/themes/AABC/package.json
9 silly cache add args [ 'gulp-sass', null ]
10 verbose cache add spec gulp-sass
11 silly cache add args [ 'browser-sync', null ]
12 verbose cache add spec browser-sync
13 silly cache add args [ 'gulp-concat', null ]
14 verbose cache add spec gulp-concat
15 silly cache add args [ 'gulp-lint', null ]
16 verbose cache add spec gulp-lint
17 silly cache add parsed spec Result {
17 silly cache add   raw: 'gulp-sass',
17 silly cache add   scope: null,
17 silly cache add   name: 'gulp-sass',
17 silly cache add   rawSpec: '',
17 silly cache add   spec: 'latest',
17 silly cache add   type: 'tag' }
18 silly addNamed gulp-sass@latest
19 verbose addNamed "latest" is being treated as a dist-tag for gulp-sass
20 info addNameTag [ 'gulp-sass', 'latest' ]
21 silly mapToRegistry name gulp-sass
22 silly mapToRegistry using default registry
23 silly mapToRegistry registry https://registry.npmjs.org/
24 silly mapToRegistry uri https://registry.npmjs.org/gulp-sass
25 verbose addNameTag registry:https://registry.npmjs.org/gulp-sass not in flight; fetching
26 silly cache add parsed spec Result {
26 silly cache add   raw: 'browser-sync',
26 silly cache add   scope: null,
26 silly cache add   name: 'browser-sync',
26 silly cache add   rawSpec: '',
26 silly cache add   spec: 'latest',
26 silly cache add   type: 'tag' }
27 silly addNamed browser-sync@latest
28 verbose addNamed "latest" is being treated as a dist-tag for browser-sync
29 info addNameTag [ 'browser-sync', 'latest' ]
30 silly mapToRegistry name browser-sync
31 silly mapToRegistry using default registry
32 silly mapToRegistry registry https://registry.npmjs.org/
33 silly mapToRegistry uri https://registry.npmjs.org/browser-sync
34 verbose addNameTag registry:https://registry.npmjs.org/browser-sync not in flight; fetching
35 silly cache add parsed spec Result {
35 silly cache add   raw: 'gulp-concat',
35 silly cache add   scope: null,
35 silly cache add   name: 'gulp-concat',
35 silly cache add   rawSpec: '',
35 silly cache add   spec: 'latest',
35 silly cache add   type: 'tag' }
36 silly addNamed gulp-concat@latest
37 verbose addNamed "latest" is being treated as a dist-tag for gulp-concat
38 info addNameTag [ 'gulp-concat', 'latest' ]
39 silly mapToRegistry name gulp-concat
40 silly mapToRegistry using default registry
41 silly mapToRegistry registry https://registry.npmjs.org/
42 silly mapToRegistry uri https://registry.npmjs.org/gulp-concat
43 verbose addNameTag registry:https://registry.npmjs.org/gulp-concat not in flight; fetching
44 silly cache add parsed spec Result {
44 silly cache add   raw: 'gulp-lint',
44 silly cache add   scope: null,
44 silly cache add   name: 'gulp-lint',
44 silly cache add   rawSpec: '',
44 silly cache add   spec: 'latest',
44 silly cache add   type: 'tag' }
45 silly addNamed gulp-lint@latest
46 verbose addNamed "latest" is being treated as a dist-tag for gulp-lint
47 info addNameTag [ 'gulp-lint', 'latest' ]
48 silly mapToRegistry name gulp-lint
49 silly mapToRegistry using default registry
50 silly mapToRegistry registry https://registry.npmjs.org/
51 silly mapToRegistry uri https://registry.npmjs.org/gulp-lint
52 verbose addNameTag registry:https://registry.npmjs.org/gulp-lint not in flight; fetching
53 verbose request uri https://registry.npmjs.org/browser-sync
54 verbose request no auth needed
55 info attempt registry request try #1 at 12:15:08 PM
56 verbose request id 7126afbdbf1d97ba
57 http request GET https://registry.npmjs.org/browser-sync
58 verbose request uri https://registry.npmjs.org/gulp-lint
59 verbose request no auth needed
60 info attempt registry request try #1 at 12:15:08 PM
61 http request GET https://registry.npmjs.org/gulp-lint
62 verbose request uri https://registry.npmjs.org/gulp-concat
63 verbose request no auth needed
64 info attempt registry request try #1 at 12:15:08 PM
65 verbose etag "CBU18C8RCTTY6HY1U22AN9KT"
66 http request GET https://registry.npmjs.org/gulp-concat
67 verbose request uri https://registry.npmjs.org/gulp-sass
68 verbose request no auth needed
69 info attempt registry request try #1 at 12:15:08 PM
70 verbose etag "12HA99Y5H4JZ9L4DRXZPPE35T"
71 http request GET https://registry.npmjs.org/gulp-sass
72 http 200 https://registry.npmjs.org/gulp-concat
73 verbose headers { server: 'CouchDB/1.5.0 (Erlang OTP/R16B03)',
73 verbose headers   etag: '"1RU5F15AJ7H51DL80I00DKTM1"',
73 verbose headers   'content-type': 'application/json',
73 verbose headers   'cache-control': 'max-age=300',
73 verbose headers   'content-length': '39300',
73 verbose headers   'accept-ranges': 'bytes',
73 verbose headers   date: 'Fri, 01 Apr 2016 19:15:02 GMT',
73 verbose headers   via: '1.1 varnish',
73 verbose headers   age: '93',
73 verbose headers   connection: 'keep-alive',
73 verbose headers   'x-served-by': 'cache-sjc3132-SJC',
73 verbose headers   'x-cache': 'HIT',
73 verbose headers   'x-cache-hits': '1',
73 verbose headers   'x-timer': 'S1459538102.900298,VS0,VE0',
73 verbose headers   vary: 'Accept' }
74 silly get cb [ 200,
74 silly get   { server: 'CouchDB/1.5.0 (Erlang OTP/R16B03)',
74 silly get     etag: '"1RU5F15AJ7H51DL80I00DKTM1"',
74 silly get     'content-type': 'application/json',
74 silly get     'cache-control': 'max-age=300',
74 silly get     'content-length': '39300',
74 silly get     'accept-ranges': 'bytes',
74 silly get     date: 'Fri, 01 Apr 2016 19:15:02 GMT',
74 silly get     via: '1.1 varnish',
74 silly get     age: '93',
74 silly get     connection: 'keep-alive',
74 silly get     'x-served-by': 'cache-sjc3132-SJC',
74 silly get     'x-cache': 'HIT',
74 silly get     'x-cache-hits': '1',
74 silly get     'x-timer': 'S1459538102.900298,VS0,VE0',
74 silly get     vary: 'Accept' } ]
75 verbose get saving gulp-concat to /Users/Garrett/.npm/registry.npmjs.org/gulp-concat/.cache.json
76 http 200 https://registry.npmjs.org/gulp-sass
77 verbose headers { server: 'CouchDB/1.5.0 (Erlang OTP/R16B03)',
77 verbose headers   etag: '"4E8AL6UYR76A6VFOBMQI9NTP8"',
77 verbose headers   'content-type': 'application/json',
77 verbose headers   'cache-control': 'max-age=300',
77 verbose headers   'content-length': '49330',
77 verbose headers   'accept-ranges': 'bytes',
77 verbose headers   date: 'Fri, 01 Apr 2016 19:15:02 GMT',
77 verbose headers   via: '1.1 varnish',
77 verbose headers   age: '268',
77 verbose headers   connection: 'keep-alive',
77 verbose headers   'x-served-by': 'cache-sjc3126-SJC',
77 verbose headers   'x-cache': 'HIT',
77 verbose headers   'x-cache-hits': '2',
77 verbose headers   'x-timer': 'S1459538102.890118,VS0,VE0',
77 verbose headers   vary: 'Accept' }
78 silly get cb [ 200,
78 silly get   { server: 'CouchDB/1.5.0 (Erlang OTP/R16B03)',
78 silly get     etag: '"4E8AL6UYR76A6VFOBMQI9NTP8"',
78 silly get     'content-type': 'application/json',
78 silly get     'cache-control': 'max-age=300',
78 silly get     'content-length': '49330',
78 silly get     'accept-ranges': 'bytes',
78 silly get     date: 'Fri, 01 Apr 2016 19:15:02 GMT',
78 silly get     via: '1.1 varnish',
78 silly get     age: '268',
78 silly get     connection: 'keep-alive',
78 silly get     'x-served-by': 'cache-sjc3126-SJC',
78 silly get     'x-cache': 'HIT',
78 silly get     'x-cache-hits': '2',
78 silly get     'x-timer': 'S1459538102.890118,VS0,VE0',
78 silly get     vary: 'Accept' } ]
79 verbose get saving gulp-sass to /Users/Garrett/.npm/registry.npmjs.org/gulp-sass/.cache.json
80 silly addNameTag next cb for gulp-concat with tag latest
81 silly addNamed gulp-concat@2.6.0
82 verbose addNamed "2.6.0" is a plain semver version for gulp-concat
83 silly addNameTag next cb for gulp-sass with tag latest
84 silly addNamed gulp-sass@2.2.0
85 verbose addNamed "2.2.0" is a plain semver version for gulp-sass
86 silly cache afterAdd gulp-concat@2.6.0
87 verbose afterAdd /Users/Garrett/.npm/gulp-concat/2.6.0/package/package.json not in flight; writing
88 http 404 https://registry.npmjs.org/gulp-lint
89 verbose headers { 'content-type': 'application/json',
89 verbose headers   'cache-control': 'max-age=0',
89 verbose headers   'content-length': '2',
89 verbose headers   'accept-ranges': 'bytes',
89 verbose headers   date: 'Fri, 01 Apr 2016 19:15:03 GMT',
89 verbose headers   via: '1.1 varnish',
89 verbose headers   age: '0',
89 verbose headers   connection: 'keep-alive',
89 verbose headers   'x-served-by': 'cache-sjc3120-SJC',
89 verbose headers   'x-cache': 'MISS',
89 verbose headers   'x-cache-hits': '0',
89 verbose headers   'x-timer': 'S1459538102.897760,VS0,VE182' }
90 silly get cb [ 404,
90 silly get   { 'content-type': 'application/json',
90 silly get     'cache-control': 'max-age=0',
90 silly get     'content-length': '2',
90 silly get     'accept-ranges': 'bytes',
90 silly get     date: 'Fri, 01 Apr 2016 19:15:03 GMT',
90 silly get     via: '1.1 varnish',
90 silly get     age: '0',
90 silly get     connection: 'keep-alive',
90 silly get     'x-served-by': 'cache-sjc3120-SJC',
90 silly get     'x-cache': 'MISS',
90 silly get     'x-cache-hits': '0',
90 silly get     'x-timer': 'S1459538102.897760,VS0,VE182' } ]
91 verbose afterAdd /Users/Garrett/.npm/gulp-concat/2.6.0/package/package.json written
92 silly cache afterAdd gulp-sass@2.2.0
93 verbose afterAdd /Users/Garrett/.npm/gulp-sass/2.2.0/package/package.json not in flight; writing
94 verbose afterAdd /Users/Garrett/.npm/gulp-sass/2.2.0/package/package.json written
95 http 200 https://registry.npmjs.org/browser-sync
96 verbose headers { server: 'CouchDB/1.5.0 (Erlang OTP/R16B03)',
96 verbose headers   etag: '"BN56VD6TA0860YMCGG5X4EV1K"',
96 verbose headers   'content-type': 'application/json',
96 verbose headers   'cache-control': 'max-age=300',
96 verbose headers   'content-length': '425818',
96 verbose headers   'accept-ranges': 'bytes',
96 verbose headers   date: 'Fri, 01 Apr 2016 19:15:02 GMT',
96 verbose headers   via: '1.1 varnish',
96 verbose headers   age: '156',
96 verbose headers   connection: 'keep-alive',
96 verbose headers   'x-served-by': 'cache-sjc3133-SJC',
96 verbose headers   'x-cache': 'HIT',
96 verbose headers   'x-cache-hits': '1',
96 verbose headers   'x-timer': 'S1459538102.924436,VS0,VE1',
96 verbose headers   vary: 'Accept' }
97 silly get cb [ 200,
97 silly get   { server: 'CouchDB/1.5.0 (Erlang OTP/R16B03)',
97 silly get     etag: '"BN56VD6TA0860YMCGG5X4EV1K"',
97 silly get     'content-type': 'application/json',
97 silly get     'cache-control': 'max-age=300',
97 silly get     'content-length': '425818',
97 silly get     'accept-ranges': 'bytes',
97 silly get     date: 'Fri, 01 Apr 2016 19:15:02 GMT',
97 silly get     via: '1.1 varnish',
97 silly get     age: '156',
97 silly get     connection: 'keep-alive',
97 silly get     'x-served-by': 'cache-sjc3133-SJC',
97 silly get     'x-cache': 'HIT',
97 silly get     'x-cache-hits': '1',
97 silly get     'x-timer': 'S1459538102.924436,VS0,VE1',
97 silly get     vary: 'Accept' } ]
98 verbose get saving browser-sync to /Users/Garrett/.npm/registry.npmjs.org/browser-sync/.cache.json
99 silly addNameTag next cb for browser-sync with tag latest
100 silly addNamed browser-sync@2.11.2
101 verbose addNamed "2.11.2" is a plain semver version for browser-sync
102 silly mapToRegistry name browser-sync
103 silly mapToRegistry using default registry
104 silly mapToRegistry registry https://registry.npmjs.org/
105 silly mapToRegistry uri https://registry.npmjs.org/browser-sync
106 verbose addRemoteTarball https://registry.npmjs.org/browser-sync/-/browser-sync-2.11.2.tgz not in flight; adding
107 verbose addRemoteTarball [ 'https://registry.npmjs.org/browser-sync/-/browser-sync-2.11.2.tgz',
107 verbose addRemoteTarball   'be3aab58349da70a1ab0314e765f396d684c39d5' ]
108 info retry fetch attempt 1 at 12:15:10 PM
109 info attempt registry request try #1 at 12:15:10 PM
110 http fetch GET https://registry.npmjs.org/browser-sync/-/browser-sync-2.11.2.tgz
111 http fetch 200 https://registry.npmjs.org/browser-sync/-/browser-sync-2.11.2.tgz
112 silly fetchAndShaCheck shasum be3aab58349da70a1ab0314e765f396d684c39d5
113 verbose addTmpTarball /var/folders/qw/cmwbr2f16zgfktdgzk_l2tz80000gn/T/npm-5613-0e718b36/registry.npmjs.org/browser-sync/-/browser-sync-2.11.2.tgz not in flight; adding
114 verbose addTmpTarball already have metadata; skipping unpack for browser-sync@2.11.2
115 silly cache afterAdd browser-sync@2.11.2
116 verbose afterAdd /Users/Garrett/.npm/browser-sync/2.11.2/package/package.json not in flight; writing
117 verbose afterAdd /Users/Garrett/.npm/browser-sync/2.11.2/package/package.json written
118 verbose stack Error: Registry returned 404 for GET on https://registry.npmjs.org/gulp-lint
118 verbose stack     at makeError (/usr/local/lib/node_modules/npm/node_modules/npm-registry-client/lib/request.js:264:12)
118 verbose stack     at CachingRegistryClient.<anonymous> (/usr/local/lib/node_modules/npm/node_modules/npm-registry-client/lib/request.js:242:14)
118 verbose stack     at Request._callback (/usr/local/lib/node_modules/npm/node_modules/npm-registry-client/lib/request.js:172:14)
118 verbose stack     at Request.self.callback (/usr/local/lib/node_modules/npm/node_modules/request/request.js:198:22)
118 verbose stack     at emitTwo (events.js:87:13)
118 verbose stack     at Request.emit (events.js:172:7)
118 verbose stack     at Request.<anonymous> (/usr/local/lib/node_modules/npm/node_modules/request/request.js:1082:10)
118 verbose stack     at emitOne (events.js:82:20)
118 verbose stack     at Request.emit (events.js:169:7)
118 verbose stack     at IncomingMessage.<anonymous> (/usr/local/lib/node_modules/npm/node_modules/request/request.js:1009:12)
119 verbose statusCode 404
120 verbose pkgid gulp-lint
121 verbose cwd /Users/Garrett/Desktop/Sites/AABC2wp.dev/wp-content/themes/AABC
122 error Darwin 15.2.0
123 error argv "/usr/local/bin/node" "/usr/local/bin/npm" "install" "gulp-sass" "browser-sync" "gulp-concat" "gulp-lint"
124 error node v4.2.6
125 error npm  v2.14.12
126 error code E404
127 error 404 Registry returned 404 for GET on https://registry.npmjs.org/gulp-lint
127 error 404
127 error 404 'gulp-lint' is not in the npm registry.
127 error 404 You should bug the author to publish it (or use the name yourself!)
127 error 404 It was specified as a dependency of 'foundation-libsass-template'
127 error 404
127 error 404 Note that you can also install from a
127 error 404 tarball, folder, http url, or git url.
128 verbose exit [ 1, true ]
